This is pdfTeX, Version 3.14159265-2.6-1.40.19 (TeX Live 2018/W32TeX) (preloaded format=pdflatex 2019.1.22)  15 APR 2019 07:56
entering extended mode
 restricted \write18 enabled.
 file:line:error style messages enabled.
 %&-line parsing enabled.
**d:/github/mathorcup/811338199/mathor.tex
(d:/github/mathorcup/811338199/mathor.tex
LaTeX2e <2018-04-01> patch level 2
Babel <3.18> and hyphenation patterns for 84 language(s) loaded.
(d:/github/mathorcup/811338199/xcumcmart.cls
Document Class: xcumcmart 2013/08/25, Ch'en Meng, Ver.1.00.00
(d:/texlive/2018/texmf-dist/tex/latex/ctex/ctexart.cls (d:/texlive/2018/texmf-dist/tex/latex/l3kernel/expl3.sty
Package: expl3 2018/03/05 L3 programming layer (loader) 
 (d:/texlive/2018/texmf-dist/tex/latex/l3kernel/expl3-code.tex
Package: expl3 2018/03/05 L3 programming layer (code)
\c_max_int=\count80
\l_tmpa_int=\count81
\l_tmpb_int=\count82
\g_tmpa_int=\count83
\g_tmpb_int=\count84
\g__intarray_font_int=\count85
\g__prg_map_int=\count86
\c_log_iow=\count87
\l_iow_line_count_int=\count88
\l__iow_line_target_int=\count89
\l__iow_one_indent_int=\count90
\l__iow_indent_int=\count91
\c_zero_dim=\dimen102
\c_max_dim=\dimen103
\l_tmpa_dim=\dimen104
\l_tmpb_dim=\dimen105
\g_tmpa_dim=\dimen106
\g_tmpb_dim=\dimen107
\c_zero_skip=\skip41
\c_max_skip=\skip42
\l_tmpa_skip=\skip43
\l_tmpb_skip=\skip44
\g_tmpa_skip=\skip45
\g_tmpb_skip=\skip46
\c_zero_muskip=\muskip10
\c_max_muskip=\muskip11
\l_tmpa_muskip=\muskip12
\l_tmpb_muskip=\muskip13
\g_tmpa_muskip=\muskip14
\g_tmpb_muskip=\muskip15
\l_keys_choice_int=\count92
\c__fp_leading_shift_int=\count93
\c__fp_middle_shift_int=\count94
\c__fp_trailing_shift_int=\count95
\c__fp_big_leading_shift_int=\count96
\c__fp_big_middle_shift_int=\count97
\c__fp_big_trailing_shift_int=\count98
\c__fp_Bigg_leading_shift_int=\count99
\c__fp_Bigg_middle_shift_int=\count100
\c__fp_Bigg_trailing_shift_int=\count101
\c__fp_rand_size_int=\count102
\c__fp_rand_four_int=\count103
\c__fp_rand_eight_int=\count104
\l__sort_length_int=\count105
\l__sort_min_int=\count106
\l__sort_top_int=\count107
\l__sort_max_int=\count108
\l__sort_true_max_int=\count109
\l__sort_block_int=\count110
\l__sort_begin_int=\count111
\l__sort_end_int=\count112
\l__sort_A_int=\count113
\l__sort_B_int=\count114
\l__sort_C_int=\count115
\l__tl_build_start_index_int=\count116
\l__tl_build_index_int=\count117
\l__tl_analysis_normal_int=\count118
\l__tl_analysis_index_int=\count119
\l__tl_analysis_nesting_int=\count120
\l__tl_analysis_type_int=\count121
\l__regex_internal_a_int=\count122
\l__regex_internal_b_int=\count123
\l__regex_internal_c_int=\count124
\l__regex_balance_int=\count125
\l__regex_group_level_int=\count126
\l__regex_mode_int=\count127
\c__regex_cs_in_class_mode_int=\count128
\c__regex_cs_mode_int=\count129
\l__regex_catcodes_int=\count130
\l__regex_default_catcodes_int=\count131
\c__regex_catcode_D_int=\count132
\c__regex_catcode_S_int=\count133
\c__regex_catcode_L_int=\count134
\c__regex_catcode_O_int=\count135
\c__regex_catcode_A_int=\count136
\c__regex_all_catcodes_int=\count137
\l__regex_show_lines_int=\count138
\l__regex_min_state_int=\count139
\l__regex_max_state_int=\count140
\l__regex_left_state_int=\count141
\l__regex_right_state_int=\count142
\l__regex_capturing_group_int=\count143
\l__regex_min_pos_int=\count144
\l__regex_max_pos_int=\count145
\l__regex_curr_pos_int=\count146
\l__regex_start_pos_int=\count147
\l__regex_success_pos_int=\count148
\l__regex_curr_char_int=\count149
\l__regex_curr_catcode_int=\count150
\l__regex_last_char_int=\count151
\l__regex_case_changed_char_int=\count152
\l__regex_curr_state_int=\count153
\l__regex_step_int=\count154
\l__regex_min_active_int=\count155
\l__regex_max_active_int=\count156
\l__regex_replacement_csnames_int=\count157
\l__regex_match_count_int=\count158
\l__regex_min_submatch_int=\count159
\l__regex_submatch_int=\count160
\l__regex_zeroth_submatch_int=\count161
\g__regex_trace_regex_int=\count162
\c_empty_box=\box26
\l_tmpa_box=\box27
\l_tmpb_box=\box28
\g_tmpa_box=\box29
\g_tmpb_box=\box30
\l__box_top_dim=\dimen108
\l__box_bottom_dim=\dimen109
\l__box_left_dim=\dimen110
\l__box_right_dim=\dimen111
\l__box_top_new_dim=\dimen112
\l__box_bottom_new_dim=\dimen113
\l__box_left_new_dim=\dimen114
\l__box_right_new_dim=\dimen115
\l__box_internal_box=\box31
\l__coffin_internal_box=\box32
\l__coffin_internal_dim=\dimen116
\l__coffin_offset_x_dim=\dimen117
\l__coffin_offset_y_dim=\dimen118
\l__coffin_x_dim=\dimen119
\l__coffin_y_dim=\dimen120
\l__coffin_x_prime_dim=\dimen121
\l__coffin_y_prime_dim=\dimen122
\c_empty_coffin=\box33
\l__coffin_aligned_coffin=\box34
\l__coffin_aligned_internal_coffin=\box35
\l_tmpa_coffin=\box36
\l_tmpb_coffin=\box37
\l__coffin_display_coffin=\box38
\l__coffin_display_coord_coffin=\box39
\l__coffin_display_pole_coffin=\box40
\l__coffin_display_offset_dim=\dimen123
\l__coffin_display_x_dim=\dimen124
\l__coffin_display_y_dim=\dimen125
\l__coffin_bounding_shift_dim=\dimen126
\l__coffin_left_corner_dim=\dimen127
\l__coffin_right_corner_dim=\dimen128
\l__coffin_bottom_corner_dim=\dimen129
\l__coffin_top_corner_dim=\dimen130
\l__coffin_scaled_total_height_dim=\dimen131
\l__coffin_scaled_width_dim=\dimen132
) (d:/texlive/2018/texmf-dist/tex/latex/l3kernel/l3pdfmode.def
File: l3pdfmode.def 2017/03/18 v L3 Experimental driver: PDF mode
\l__driver_color_stack_int=\count163
))
Document Class: ctexart 2018/01/28 v2.4.12 Chinese adapter for class article (CTEX)
(d:/texlive/2018/texmf-dist/tex/latex/l3packages/xparse/xparse.sty
Package: xparse 2018/02/21 L3 Experimental document command parser
\l__xparse_current_arg_int=\count164
\g__xparse_grabber_int=\count165
\l__xparse_m_args_int=\count166
\l__xparse_mandatory_args_int=\count167
\l__xparse_v_nesting_int=\count168
) (d:/texlive/2018/texmf-dist/tex/latex/l3packages/l3keys2e/l3keys2e.sty
Package: l3keys2e 2018/02/21 LaTeX2e option processing using LaTeX3 keys
)
\g__file_internal_ior=\read1
 (d:/texlive/2018/texmf-dist/tex/latex/ctex/ctexhook.sty
Package: ctexhook 2018/01/28 v2.4.12 Document and package hooks (CTEX)
) (d:/texlive/2018/texmf-dist/tex/latex/ctex/ctexpatch.sty
Package: ctexpatch 2018/01/28 v2.4.12 Patching commands (CTEX)
) (d:/texlive/2018/texmf-dist/tex/latex/base/fix-cm.sty
Package: fix-cm 2015/01/14 v1.1t fixes to LaTeX
 (d:/texlive/2018/texmf-dist/tex/latex/base/ts1enc.def
File: ts1enc.def 2001/06/05 v3.0e (jk/car/fm) Standard LaTeX file
Now handling font encoding TS1 ...
... processing UTF-8 mapping file for font encoding TS1
 (d:/texlive/2018/texmf-dist/tex/latex/base/ts1enc.dfu
File: ts1enc.dfu 2018/04/05 v1.2c UTF-8 support for inputenc
   defining Unicode char U+00A2 (decimal 162)
   defining Unicode char U+00A3 (decimal 163)
   defining Unicode char U+00A4 (decimal 164)
   defining Unicode char U+00A5 (decimal 165)
   defining Unicode char U+00A6 (decimal 166)
   defining Unicode char U+00A7 (decimal 167)
   defining Unicode char U+00A8 (decimal 168)
   defining Unicode char U+00A9 (decimal 169)
   defining Unicode char U+00AA (decimal 170)
   defining Unicode char U+00AC (decimal 172)
   defining Unicode char U+00AE (decimal 174)
   defining Unicode char U+00AF (decimal 175)
   defining Unicode char U+00B0 (decimal 176)
   defining Unicode char U+00B1 (decimal 177)
   defining Unicode char U+00B2 (decimal 178)
   defining Unicode char U+00B3 (decimal 179)
   defining Unicode char U+00B4 (decimal 180)
   defining Unicode char U+00B5 (decimal 181)
   defining Unicode char U+00B6 (decimal 182)
   defining Unicode char U+00B7 (decimal 183)
   defining Unicode char U+00B9 (decimal 185)
   defining Unicode char U+00BA (decimal 186)
   defining Unicode char U+00BC (decimal 188)
   defining Unicode char U+00BD (decimal 189)
   defining Unicode char U+00BE (decimal 190)
   defining Unicode char U+00D7 (decimal 215)
   defining Unicode char U+00F7 (decimal 247)
   defining Unicode char U+0192 (decimal 402)
   defining Unicode char U+02C7 (decimal 711)
   defining Unicode char U+02D8 (decimal 728)
   defining Unicode char U+02DD (decimal 733)
   defining Unicode char U+0E3F (decimal 3647)
   defining Unicode char U+2016 (decimal 8214)
   defining Unicode char U+2020 (decimal 8224)
   defining Unicode char U+2021 (decimal 8225)
   defining Unicode char U+2022 (decimal 8226)
   defining Unicode char U+2030 (decimal 8240)
   defining Unicode char U+2031 (decimal 8241)
   defining Unicode char U+203B (decimal 8251)
   defining Unicode char U+203D (decimal 8253)
   defining Unicode char U+2044 (decimal 8260)
   defining Unicode char U+204E (decimal 8270)
   defining Unicode char U+2052 (decimal 8274)
   defining Unicode char U+20A1 (decimal 8353)
   defining Unicode char U+20A4 (decimal 8356)
   defining Unicode char U+20A6 (decimal 8358)
   defining Unicode char U+20A9 (decimal 8361)
   defining Unicode char U+20AB (decimal 8363)
   defining Unicode char U+20AC (decimal 8364)
   defining Unicode char U+20B1 (decimal 8369)
   defining Unicode char U+2103 (decimal 8451)
   defining Unicode char U+2116 (decimal 8470)
   defining Unicode char U+2117 (decimal 8471)
   defining Unicode char U+211E (decimal 8478)
   defining Unicode char U+2120 (decimal 8480)
   defining Unicode char U+2122 (decimal 8482)
   defining Unicode char U+2126 (decimal 8486)
   defining Unicode char U+2127 (decimal 8487)
   defining Unicode char U+212E (decimal 8494)
   defining Unicode char U+2190 (decimal 8592)
   defining Unicode char U+2191 (decimal 8593)
   defining Unicode char U+2192 (decimal 8594)
   defining Unicode char U+2193 (decimal 8595)
   defining Unicode char U+2329 (decimal 9001)
   defining Unicode char U+232A (decimal 9002)
   defining Unicode char U+2422 (decimal 9250)
   defining Unicode char U+25E6 (decimal 9702)
   defining Unicode char U+25EF (decimal 9711)
   defining Unicode char U+266A (decimal 9834)
   defining Unicode char U+FEFF (decimal 65279)
))) (d:/texlive/2018/texmf-dist/tex/latex/ms/everysel.sty
Package: everysel 2011/10/28 v1.2 EverySelectfont Package (MS)
)
\l__ctex_tmp_int=\count169
\l__ctex_tmp_box=\box41
\l__ctex_tmp_dim=\dimen133
\g__ctex_font_size_flag=\count170
 (d:/texlive/2018/texmf-dist/tex/latex/ctex/config/ctexopts.cfg
File: ctexopts.cfg 2018/01/28 v2.4.12 Option configuration file (CTEX)
)
*************************************************
* ctex warning: "deprecated-option"
* 
* Option `cs4size' is deprecated.
* Option `zihao=-4' is set.
*************************************************
(d:/texlive/2018/texmf-dist/tex/latex/base/article.cls
Document Class: article 2014/09/29 v1.4h Standard LaTeX document class
(d:/texlive/2018/texmf-dist/tex/latex/base/size12.clo
File: size12.clo 2014/09/29 v1.4h Standard LaTeX file (size option)
)
\c@part=\count171
\c@section=\count172
\c@subsection=\count173
\c@subsubsection=\count174
\c@paragraph=\count175
\c@subparagraph=\count176
\c@figure=\count177
\c@table=\count178
\abovecaptionskip=\skip47
\belowcaptionskip=\skip48
\bibindent=\dimen134
) (d:/texlive/2018/texmf-dist/tex/latex/ctex/engine/ctex-engine-pdftex.def
File: ctex-engine-pdftex.def 2018/01/28 v2.4.12 (pdf)LaTeX adapter (CTEX)
 (d:/texlive/2018/texmf-dist/tex/latex/cjk/texinput/CJKutf8.sty
Package: CJKutf8 2015/04/18 4.8.4
 (d:/texlive/2018/texmf-dist/tex/generic/oberdiek/ifpdf.sty
Package: ifpdf 2017/03/15 v3.2 Provides the ifpdf switch
) (d:/texlive/2018/texmf-dist/tex/latex/base/inputenc.sty
Package: inputenc 2018/04/06 v1.3b Input encoding file
\inpenc@prehook=\toks14
\inpenc@posthook=\toks15
) (d:/texlive/2018/texmf-dist/tex/latex/cjk/texinput/CJK.sty
Package: CJK 2015/04/18 4.8.4
 (d:/texlive/2018/texmf-dist/tex/latex/cjk/texinput/mule/MULEenc.sty
Package: MULEenc 2015/04/18 4.8.4
) (d:/texlive/2018/texmf-dist/tex/latex/cjk/texinput/CJK.enc
File: CJK.enc 2015/04/18 4.8.4
Now handling font encoding C00 ...
... no UTF-8 mapping file for font encoding C00
Now handling font encoding C05 ...
... no UTF-8 mapping file for font encoding C05
Now handling font encoding C09 ...
... no UTF-8 mapping file for font encoding C09
Now handling font encoding C10 ...
... no UTF-8 mapping file for font encoding C10
Now handling font encoding C20 ...
... no UTF-8 mapping file for font encoding C20
Now handling font encoding C19 ...
... no UTF-8 mapping file for font encoding C19
Now handling font encoding C40 ...
... no UTF-8 mapping file for font encoding C40
Now handling font encoding C42 ...
... no UTF-8 mapping file for font encoding C42
Now handling font encoding C43 ...
... no UTF-8 mapping file for font encoding C43
Now handling font encoding C50 ...
... no UTF-8 mapping file for font encoding C50
Now handling font encoding C52 ...
... no UTF-8 mapping file for font encoding C52
Now handling font encoding C49 ...
... no UTF-8 mapping file for font encoding C49
Now handling font encoding C60 ...
... no UTF-8 mapping file for font encoding C60
Now handling font encoding C61 ...
... no UTF-8 mapping file for font encoding C61
Now handling font encoding C63 ...
... no UTF-8 mapping file for font encoding C63
Now handling font encoding C64 ...
... no UTF-8 mapping file for font encoding C64
Now handling font encoding C65 ...
... no UTF-8 mapping file for font encoding C65
Now handling font encoding C70 ...
... no UTF-8 mapping file for font encoding C70
Now handling font encoding C31 ...
... no UTF-8 mapping file for font encoding C31
Now handling font encoding C32 ...
... no UTF-8 mapping file for font encoding C32
Now handling font encoding C33 ...
... no UTF-8 mapping file for font encoding C33
Now handling font encoding C34 ...
... no UTF-8 mapping file for font encoding C34
Now handling font encoding C35 ...
... no UTF-8 mapping file for font encoding C35
Now handling font encoding C36 ...
... no UTF-8 mapping file for font encoding C36
Now handling font encoding C37 ...
... no UTF-8 mapping file for font encoding C37
Now handling font encoding C80 ...
... no UTF-8 mapping file for font encoding C80
Now handling font encoding C81 ...
... no UTF-8 mapping file for font encoding C81
Now handling font encoding C01 ...
... no UTF-8 mapping file for font encoding C01
Now handling font encoding C11 ...
... no UTF-8 mapping file for font encoding C11
Now handling font encoding C21 ...
... no UTF-8 mapping file for font encoding C21
Now handling font encoding C41 ...
... no UTF-8 mapping file for font encoding C41
Now handling font encoding C62 ...
... no UTF-8 mapping file for font encoding C62
)
LaTeX Info: Redefining \selectfont on input line 755.
\CJK@indent=\box42
) (d:/texlive/2018/texmf-dist/tex/latex/base/fontenc.sty
Package: fontenc 2017/04/05 v2.0i Standard LaTeX package
)) (d:/texlive/2018/texmf-dist/tex/latex/cjkpunct/CJKpunct.sty
Package: CJKpunct 2016/05/14 4.8.4
\CJKpunct@cnta=\count179
\CJKpunct@cntb=\count180
\CJKpunct@cntc=\count181
\CJKpunct@cntd=\count182
\CJKpunct@cnte=\count183
   defining Unicode char U+2018 (decimal 8216)
   defining Unicode char U+2019 (decimal 8217)
   defining Unicode char U+201C (decimal 8220)
   defining Unicode char U+201D (decimal 8221)
   defining Unicode char U+2014 (decimal 8212)
   defining Unicode char U+2026 (decimal 8230)
 (d:/texlive/2018/texmf-dist/tex/latex/cjkpunct/CJKpunct.spa)) (d:/texlive/2018/texmf-dist/tex/latex/cjk/texinput/CJKspace.sty
Package: CJKspace 2015/04/18 3.8.0
) (d:/texlive/2018/texmf-dist/tex/latex/ctex/ctexspa.def
File: ctexspa.def 2018/01/28 v2.4.12 Space info for CJKpunct (CTEX)
) (d:/texlive/2018/texmf-dist/tex/latex/cjk/texinput/CJKfntef.sty
Package: CJKfntef 2015/04/18 4.8.4
 (d:/texlive/2018/texmf-dist/tex/latex/cjk/texinput/CJKulem.sty
Package: CJKulem 2015/04/18 4.8.4
 (d:/texlive/2018/texmf-dist/tex/generic/ulem/ulem.sty
\UL@box=\box43
\UL@hyphenbox=\box44
\UL@skip=\skip49
\UL@hook=\toks16
\UL@height=\dimen135
\UL@pe=\count184
\UL@pixel=\dimen136
\ULC@box=\box45
Package: ulem 2012/05/18
\ULdepth=\dimen137
)
\UL@lastkern=\dimen138
\CJK@skip=\skip50
)
\CJK@fntefSkip=\skip51
\CJK@nest=\count185
\CJK@fntefDimen=\dimen139
\CJK@underdotBox=\box46
\CJK@ULbox=\box47
\CJK@underanyskip=\dimen140
)
\ccwd=\dimen141
\l__ctex_ccglue_skip=\skip52
)
.................................................
. LaTeX info: "xparse/define-command"
. 
. Defining command \ctexset with sig. '' on line 388.
.................................................
.................................................
. LaTeX info: "xparse/define-command"
. 
. Defining command \CTEXsetup with sig. '+o>{\TrimSpaces }m' on line 394.
.................................................
.................................................
. LaTeX info: "xparse/define-command"
. 
. Defining command \CTEXoptions with sig. '+o' on line 400.
.................................................
.................................................
. LaTeX info: "xparse/define-command"
. 
. Defining command \CTEXsetfont with sig. '' on line 418.
.................................................
.................................................
. LaTeX info: "xparse/define-command"
. 
. Defining command \ziju with sig. 'm' on line 490.
.................................................
\l__ctex_ziju_dim=\dimen142
.................................................
. LaTeX info: "xparse/define-command"
. 
. Defining command \CTEXindent with sig. '' on line 531.
.................................................
.................................................
. LaTeX info: "xparse/define-command"
. 
. Defining command \CTEXnoindent with sig. '' on line 537.
.................................................
 (d:/texlive/2018/texmf-dist/tex/latex/zhnumber/zhnumber.sty
Package: zhnumber 2018/01/28 v2.6 Typesetting numbers with Chinese glyphs
.................................................
. LaTeX info: "xparse/define-command"
. 
. Defining command \zhnumber with sig. '+o+m' on line 50.
.................................................
.................................................
. LaTeX info: "xparse/define-command"
. 
. Defining command \zhnumberwithoptions with sig. '+m+m' on line 57.
.................................................
.................................................
. LaTeX info: "xparse/define-command"
. 
. Defining command \zhnum with sig. '+o+m' on line 111.
.................................................
.................................................
. LaTeX info: "xparse/define-command"
. 
. Defining command \zhnumwithoptions with sig. '+m+m' on line 118.
.................................................
.................................................
. LaTeX info: "xparse/define-command"
. 
. Defining command \zhdig with sig. '+o+m' on line 295.
.................................................
.................................................
. LaTeX info: "xparse/define-command"
. 
. Defining command \zhdigwithoptions with sig. '+m+m' on line 302.
.................................................
.................................................
. LaTeX info: "xparse/define-command"
. 
. Defining command \zhdigits with sig. '+s+o+m' on line 316.
.................................................
.................................................
. LaTeX info: "xparse/define-command"
. 
. Defining command \zhdigitswithoptions with sig. '+m+m+m' on line 323.
.................................................
.................................................
. LaTeX info: "xparse/define-command"
. 
. Defining command \zhdate with sig. '+s+m' on line 382.
.................................................
\l__zhnum_scale_int=\count186
.................................................
. LaTeX info: "xparse/define-command"
. 
. Defining command \zhnumExtendScaleMap with sig. '>{\TrimSpaces }+o+m' on
. line 504.
.................................................
\l__zhnum_byte_min_int=\count187
\l__zhnum_byte_max_int=\count188
.................................................
. LaTeX info: "xparse/define-command"
. 
. Defining command \zhnumsetup with sig. '+m' on line 934.
.................................................
 (d:/texlive/2018/texmf-dist/tex/latex/zhnumber/zhnumber-utf8.cfg
File: zhnumber-utf8.cfg 2018/01/28 v2.6 Chinese numerals with UTF8 encoding
))
.................................................
. LaTeX info: "xparse/define-command"
. 
. Defining command \CTEXnumber with sig. 'mm' on line 554.
.................................................
.................................................
. LaTeX info: "xparse/define-command"
. 
. Defining command \CTEXdigits with sig. 'mm' on line 556.
.................................................
.................................................
. LaTeX info: "xparse/define-command"
. 
. Defining command \ctex_assign_heading_name:nn with sig. 'm>{\SplitArgument
. {\c_one }{,}}+m' on line 680.
.................................................
\l__ctex_heading_skip=\skip53
.................................................
. LaTeX info: "xparse/define-command"
. 
. Defining command \partmark with sig. 'm' on line 711.
.................................................
.................................................
. LaTeX info: "xparse/redefine-command"
. 
. Redefining command \refstepcounter with sig. 'm' on line 1201.
.................................................
 (d:/texlive/2018/texmf-dist/tex/latex/ctex/scheme/ctex-scheme-chinese-article.def
File: ctex-scheme-chinese-article.def 2018/01/28 v2.4.12 Chinese scheme for article (CTEX)
 (d:/texlive/2018/texmf-dist/tex/latex/ctex/config/ctex-name-utf8.cfg
File: ctex-name-utf8.cfg 2018/01/28 v2.4.12 Caption with encoding UTF8 (CTEX)
))
.................................................
. LaTeX info: "xparse/define-command"
. 
. Defining command \zihao with sig. 'm' on line 1204.
.................................................
 (d:/texlive/2018/texmf-dist/tex/latex/ctex/ctex-cs4size.clo
File: ctex-cs4size.clo 2018/01/28 v2.4.12 cs4size option (CTEX)
)
.................................................
. LaTeX info: "xparse/define-command"
. 
. Defining command \CTeX with sig. '' on line 1308.
.................................................
 (d:/texlive/2018/texmf-dist/tex/latex/ctex/fontset/ctex-fontset-windows.def
File: ctex-fontset-windows.def 2018/01/28 v2.4.12 Windows fonts definition (CTEX)
 (d:/texlive/2018/texmf-dist/tex/latex/ctex/fontset/ctex-fontset-windowsnew.def
File: ctex-fontset-windowsnew.def 2018/01/28 v2.4.12 Windows fonts definition for Vista or later version (CTEX)
 (d:/texlive/2018/texmf-dist/tex/generic/ctex/zhwindowsfonts.tex
File: zhwindowsfonts.tex 2018/01/28 v2.4.12 Windows font map loader for pdfTeX and DVIPDFMx (CTEX)
{d:/texlive/2018/texmf-var/fonts/map/pdftex/updmap/pdftex.map}{UGBK.sfd}{Unicode.sfd})
.................................................
. LaTeX info: "xparse/define-command"
. 
. Defining command \songti with sig. '' on line 111.
.................................................
.................................................
. LaTeX info: "xparse/define-command"
. 
. Defining command \heiti with sig. '' on line 112.
.................................................
.................................................
. LaTeX info: "xparse/define-command"
. 
. Defining command \fangsong with sig. '' on line 113.
.................................................
.................................................
. LaTeX info: "xparse/define-command"
. 
. Defining command \kaishu with sig. '' on line 114.
.................................................
.................................................
. LaTeX info: "xparse/define-command"
. 
. Defining command \lishu with sig. '' on line 115.
.................................................
.................................................
. LaTeX info: "xparse/define-command"
. 
. Defining command \youyuan with sig. '' on line 116.
.................................................
.................................................
. LaTeX info: "xparse/define-command"
. 
. Defining command \yahei with sig. '' on line 117.
.................................................
))) (d:/texlive/2018/texmf-dist/tex/latex/ctex/config/ctex.cfg
File: ctex.cfg 2018/01/28 v2.4.12 Configuration file (CTEX)
) (d:/texlive/2018/texmf-dist/tex/latex/tools/array.sty
Package: array 2018/04/07 v2.4g Tabular extension package (FMi)
\col@sep=\dimen143
\ar@mcellbox=\box48
\extrarowheight=\dimen144
\NC@list=\toks17
\extratabsurround=\skip54
\backup@length=\skip55
\ar@cellbox=\box49
) (d:/texlive/2018/texmf-dist/tex/latex/geometry/geometry.sty
Package: geometry 2018/03/24 v5.7 Page Geometry
 (d:/texlive/2018/texmf-dist/tex/latex/graphics/keyval.sty
Package: keyval 2014/10/28 v1.15 key=value parser (DPC)
\KV@toks@=\toks18
) (d:/texlive/2018/texmf-dist/tex/generic/oberdiek/ifvtex.sty
Package: ifvtex 2016/05/16 v1.6 Detect VTeX and its facilities (HO)
Package ifvtex Info: VTeX not detected.
) (d:/texlive/2018/texmf-dist/tex/generic/ifxetex/ifxetex.sty
Package: ifxetex 2010/09/12 v0.6 Provides ifxetex conditional
)
\Gm@cnth=\count189
\Gm@cntv=\count190
\c@Gm@tempcnt=\count191
\Gm@bindingoffset=\dimen145
\Gm@wd@mp=\dimen146
\Gm@odd@mp=\dimen147
\Gm@even@mp=\dimen148
\Gm@layoutwidth=\dimen149
\Gm@layoutheight=\dimen150
\Gm@layouthoffset=\dimen151
\Gm@layoutvoffset=\dimen152
\Gm@dimlist=\toks19
)
\displaytitle=\toks20
\school=\toks21
\authorone=\toks22
\authortwo=\toks23
\authorthree=\toks24
\advisor=\toks25
 (d:/texlive/2018/texmf-dist/tex/latex/makecell/makecell.sty
Package: makecell 2009/08/03 V0.1e Managing of Tab Column Heads and Cells
\rotheadsize=\dimen153
\c@nlinenum=\count192
\TeXr@lab=\toks26
) (d:/texlive/2018/texmf-dist/tex/latex/graphics/graphicx.sty
Package: graphicx 2017/06/01 v1.1a Enhanced LaTeX Graphics (DPC,SPQR)
 (d:/texlive/2018/texmf-dist/tex/latex/graphics/graphics.sty
Package: graphics 2017/06/25 v1.2c Standard LaTeX Graphics (DPC,SPQR)
 (d:/texlive/2018/texmf-dist/tex/latex/graphics/trig.sty
Package: trig 2016/01/03 v1.10 sin cos tan (DPC)
) (d:/texlive/2018/texmf-dist/tex/latex/graphics-cfg/graphics.cfg
File: graphics.cfg 2016/06/04 v1.11 sample graphics configuration
)
Package graphics Info: Driver file: pdftex.def on input line 99.
 (d:/texlive/2018/texmf-dist/tex/latex/graphics-def/pdftex.def
File: pdftex.def 2018/01/08 v1.0l Graphics/color driver for pdftex
))
\Gin@req@height=\dimen154
\Gin@req@width=\dimen155
) (d:/texlive/2018/texmf-dist/tex/latex/fancyhdr/fancyhdr.sty
Package: fancyhdr 2017/06/30 v3.9a Extensive control of page headers and footers
\f@nch@headwidth=\skip56
\f@nch@O@elh=\skip57
\f@nch@O@erh=\skip58
\f@nch@O@olh=\skip59
\f@nch@O@orh=\skip60
\f@nch@O@elf=\skip61
\f@nch@O@erf=\skip62
\f@nch@O@olf=\skip63
\f@nch@O@orf=\skip64
)
*************************************************
* ctex warning: "deprecated-command"
* 
* Command \CTEXsetup is deprecated.
* \ctexset { section = { format = {\zihao {4}\bfseries \centering } } } is
* set.
*************************************************
*************************************************
* ctex warning: "deprecated-command"
* 
* Command \CTEXsetup is deprecated.
* \ctexset { subsection = { format = {\zihao {-4}\bfseries } } } is set.
*************************************************
*************************************************
* ctex warning: "deprecated-command"
* 
* Command \CTEXsetup is deprecated.
* \ctexset { subsubsection = { format = {\zihao {-4}\bfseries } } } is set.
*************************************************
\c@theorem=\count193
\c@proposition=\count194
\c@lemma=\count195
\c@corollary=\count196
\c@definition=\count197
\c@example=\count198
) (d:/texlive/2018/texmf-dist/tex/latex/setspace/setspace.sty
Package: setspace 2011/12/19 v6.7a set line spacing
) (d:/texlive/2018/texmf-dist/tex/latex/tools/enumerate.sty
Package: enumerate 2015/07/23 v3.00 enumerate extensions (DPC)
\@enLab=\toks27
) (d:/texlive/2018/texmf-dist/tex/latex/tabu/tabu.sty
Package: tabu 2011/02/26 v2.8 - flexible LaTeX tabulars (FC)
 (d:/texlive/2018/texmf-dist/tex/latex/varwidth/varwidth.sty
Package: varwidth 2009/03/30 ver 0.92;  Variable-width minipages
\@vwid@box=\box50
\sift@deathcycles=\count199
\@vwid@loff=\dimen156
\@vwid@roff=\dimen157
)
\c@taburow=\count266
\tabu@nbcols=\count267
\tabu@cnt=\count268
\tabu@Xcol=\count269
\tabu@alloc=\count270
\tabu@nested=\count271
\tabu@target=\dimen158
\tabu@spreadtarget=\dimen159
\tabu@naturalX=\dimen160
\tabucolX=\dimen161
\tabu@Xsum=\dimen162
\extrarowdepth=\dimen163
\abovetabulinesep=\dimen164
\belowtabulinesep=\dimen165
\tabustrutrule=\dimen166
\tabu@thebody=\toks28
\tabu@footnotes=\toks29
\tabu@box=\box51
\tabu@arstrutbox=\box52
\tabu@hleads=\box53
\tabu@vleads=\box54
\tabu@cellskip=\skip65
) (d:/texlive/2018/texmf-dist/tex/latex/listings/listings.sty
\lst@mode=\count272
\lst@gtempboxa=\box55
\lst@token=\toks30
\lst@length=\count273
\lst@currlwidth=\dimen167
\lst@column=\count274
\lst@pos=\count275
\lst@lostspace=\dimen168
\lst@width=\dimen169
\lst@newlines=\count276
\lst@lineno=\count277
\lst@maxwidth=\dimen170
 (d:/texlive/2018/texmf-dist/tex/latex/listings/lstmisc.sty
File: lstmisc.sty 2015/06/04 1.6 (Carsten Heinz)
\c@lstnumber=\count278
\lst@skipnumbers=\count279
\lst@framebox=\box56
) (d:/texlive/2018/texmf-dist/tex/latex/listings/listings.cfg
File: listings.cfg 2015/06/04 1.6 listings configuration
))
Package: listings 2015/06/04 1.6 (Carsten Heinz)
 (d:/texlive/2018/texmf-dist/tex/latex/graphics/color.sty
Package: color 2016/07/10 v1.1e Standard LaTeX Color (DPC)
 (d:/texlive/2018/texmf-dist/tex/latex/graphics-cfg/color.cfg
File: color.cfg 2016/01/02 v1.6 sample color configuration
)
Package color Info: Driver file: pdftex.def on input line 147.
) (d:/texlive/2018/texmf-dist/tex/latex/listings/lstlang1.sty
File: lstlang1.sty 2015/06/04 1.6 listings language file
) (d:/texlive/2018/texmf-dist/tex/latex/cjk/texinput/UTF8/UTF8.bdg
File: UTF8.bdg 2015/04/18 4.8.4
) (d:/texlive/2018/texmf-dist/tex/latex/cjk/texinput/UTF8/UTF8.enc
File: UTF8.enc 2015/04/18 4.8.4
) (d:/texlive/2018/texmf-dist/tex/latex/cjk/texinput/UTF8/UTF8.chr
File: UTF8.chr 2015/04/18 4.8.4
) (d:/github/mathorcup/811338199/mathor.aux)
\openout1 = `mathor.aux'.

LaTeX Font Info:    Checking defaults for OML/cmm/m/it on input line 33.
LaTeX Font Info:    ... okay on input line 33.
LaTeX Font Info:    Checking defaults for T1/cmr/m/n on input line 33.
LaTeX Font Info:    ... okay on input line 33.
LaTeX Font Info:    Checking defaults for OT1/cmr/m/n on input line 33.
LaTeX Font Info:    ... okay on input line 33.
LaTeX Font Info:    Checking defaults for OMS/cmsy/m/n on input line 33.
LaTeX Font Info:    ... okay on input line 33.
LaTeX Font Info:    Checking defaults for OMX/cmex/m/n on input line 33.
LaTeX Font Info:    ... okay on input line 33.
LaTeX Font Info:    Checking defaults for U/cmr/m/n on input line 33.
LaTeX Font Info:    ... okay on input line 33.
LaTeX Font Info:    Checking defaults for TS1/cmr/m/n on input line 33.
LaTeX Font Info:    ... okay on input line 33.
LaTeX Font Info:    Checking defaults for C00/song/m/n on input line 33.
LaTeX Font Info:    ... okay on input line 33.
LaTeX Font Info:    Checking defaults for C05/song/m/n on input line 33.
LaTeX Font Info:    ... okay on input line 33.
LaTeX Font Info:    Checking defaults for C09/song/m/n on input line 33.
LaTeX Font Info:    ... okay on input line 33.
LaTeX Font Info:    Checking defaults for C10/song/m/n on input line 33.
LaTeX Font Info:    ... okay on input line 33.
LaTeX Font Info:    Checking defaults for C20/song/m/n on input line 33.
LaTeX Font Info:    ... okay on input line 33.
LaTeX Font Info:    Checking defaults for C19/song/m/n on input line 33.
LaTeX Font Info:    ... okay on input line 33.
LaTeX Font Info:    Checking defaults for C40/song/m/n on input line 33.
LaTeX Font Info:    ... okay on input line 33.
LaTeX Font Info:    Checking defaults for C42/song/m/n on input line 33.
LaTeX Font Info:    ... okay on input line 33.
LaTeX Font Info:    Checking defaults for C43/song/m/n on input line 33.
LaTeX Font Info:    ... okay on input line 33.
LaTeX Font Info:    Checking defaults for C50/song/m/n on input line 33.
LaTeX Font Info:    ... okay on input line 33.
LaTeX Font Info:    Checking defaults for C52/song/m/n on input line 33.
LaTeX Font Info:    ... okay on input line 33.
LaTeX Font Info:    Checking defaults for C49/song/m/n on input line 33.
LaTeX Font Info:    ... okay on input line 33.
LaTeX Font Info:    Checking defaults for C60/mj/m/n on input line 33.
LaTeX Font Info:    ... okay on input line 33.
LaTeX Font Info:    Checking defaults for C61/mj/m/n on input line 33.
LaTeX Font Info:    ... okay on input line 33.
LaTeX Font Info:    Checking defaults for C63/mj/m/n on input line 33.
LaTeX Font Info:    ... okay on input line 33.
LaTeX Font Info:    Checking defaults for C64/mj/m/n on input line 33.
LaTeX Font Info:    ... okay on input line 33.
LaTeX Font Info:    Checking defaults for C65/mj/m/n on input line 33.
LaTeX Font Info:    ... okay on input line 33.
LaTeX Font Info:    Checking defaults for C70/song/m/n on input line 33.
LaTeX Font Info:    ... okay on input line 33.
LaTeX Font Info:    Checking defaults for C31/song/m/n on input line 33.
LaTeX Font Info:    ... okay on input line 33.
LaTeX Font Info:    Checking defaults for C32/song/m/n on input line 33.
LaTeX Font Info:    ... okay on input line 33.
LaTeX Font Info:    Checking defaults for C33/song/m/n on input line 33.
LaTeX Font Info:    ... okay on input line 33.
LaTeX Font Info:    Checking defaults for C34/song/m/n on input line 33.
LaTeX Font Info:    ... okay on input line 33.
LaTeX Font Info:    Checking defaults for C35/song/m/n on input line 33.
LaTeX Font Info:    ... okay on input line 33.
LaTeX Font Info:    Checking defaults for C36/song/m/n on input line 33.
LaTeX Font Info:    ... okay on input line 33.
LaTeX Font Info:    Checking defaults for C37/song/m/n on input line 33.
LaTeX Font Info:    ... okay on input line 33.
LaTeX Font Info:    Checking defaults for C80/song/m/n on input line 33.
LaTeX Font Info:    ... okay on input line 33.
LaTeX Font Info:    Checking defaults for C81/song/m/n on input line 33.
LaTeX Font Info:    ... okay on input line 33.
LaTeX Font Info:    Checking defaults for C01/song/m/n on input line 33.
LaTeX Font Info:    ... okay on input line 33.
LaTeX Font Info:    Checking defaults for C11/song/m/n on input line 33.
LaTeX Font Info:    ... okay on input line 33.
LaTeX Font Info:    Checking defaults for C21/song/m/n on input line 33.
LaTeX Font Info:    ... okay on input line 33.
LaTeX Font Info:    Checking defaults for C41/song/m/n on input line 33.
LaTeX Font Info:    ... okay on input line 33.
LaTeX Font Info:    Checking defaults for C62/song/m/n on input line 33.
LaTeX Font Info:    ... okay on input line 33.
 ABD: EverySelectfont initializing macros
LaTeX Info: Redefining \selectfont on input line 33.

*geometry* driver: auto-detecting
*geometry* detected driver: pdftex
*geometry* verbose mode - [ preamble ] result:
* driver: pdftex
* paper: <default>
* layout: <same size as paper>
* layoutoffset:(h,v)=(0.0pt,0.0pt)
* modes: 
* h-part:(L,W,R)=(71.13188pt, 472.03123pt, 71.13188pt)
* v-part:(T,H,B)=(71.13188pt, 652.70622pt, 71.13188pt)
* \paperwidth=614.295pt
* \paperheight=794.96999pt
* \textwidth=472.03123pt
* \textheight=652.70622pt
* \oddsidemargin=-1.1381pt
* \evensidemargin=-1.1381pt
* \topmargin=-38.1381pt
* \headheight=12.0pt
* \headsep=25.0pt
* \topskip=12.0pt
* \footskip=30.0pt
* \marginparwidth=44.0pt
* \marginparsep=10.0pt
* \columnsep=10.0pt
* \skip\footins=10.8pt plus 4.0pt minus 2.0pt
* \hoffset=0.0pt
* \voffset=0.0pt
* \mag=1000
* \@twocolumnfalse
* \@twosidefalse
* \@mparswitchfalse
* \@reversemarginfalse
* (1in=72.27pt=25.4mm, 1cm=28.453pt)

(d:/texlive/2018/texmf-dist/tex/context/base/mkii/supp-pdf.mkii
[Loading MPS to PDF converter (version 2006.09.02).]
\scratchcounter=\count280
\scratchdimen=\dimen171
\scratchbox=\box57
\nofMPsegments=\count281
\nofMParguments=\count282
\everyMPshowfont=\toks31
\MPscratchCnt=\count283
\MPscratchDim=\dimen172
\MPnumerator=\count284
\makeMPintoPDFobject=\count285
\everyMPtoPDFconversion=\toks32
) (d:/texlive/2018/texmf-dist/tex/latex/oberdiek/epstopdf-base.sty
Package: epstopdf-base 2016/05/15 v2.6 Base part for package epstopdf
 (d:/texlive/2018/texmf-dist/tex/generic/oberdiek/infwarerr.sty
Package: infwarerr 2016/05/16 v1.4 Providing info/warning/error messages (HO)
) (d:/texlive/2018/texmf-dist/tex/latex/oberdiek/grfext.sty
Package: grfext 2016/05/16 v1.2 Manage graphics extensions (HO)
 (d:/texlive/2018/texmf-dist/tex/generic/oberdiek/kvdefinekeys.sty
Package: kvdefinekeys 2016/05/16 v1.4 Define keys (HO)
 (d:/texlive/2018/texmf-dist/tex/generic/oberdiek/ltxcmds.sty
Package: ltxcmds 2016/05/16 v1.23 LaTeX kernel commands for general use (HO)
))) (d:/texlive/2018/texmf-dist/tex/latex/oberdiek/kvoptions.sty
Package: kvoptions 2016/05/16 v3.12 Key value format for package options (HO)
 (d:/texlive/2018/texmf-dist/tex/generic/oberdiek/kvsetkeys.sty
Package: kvsetkeys 2016/05/16 v1.17 Key value parser (HO)
 (d:/texlive/2018/texmf-dist/tex/generic/oberdiek/etexcmds.sty
Package: etexcmds 2016/05/16 v1.6 Avoid name clashes with e-TeX commands (HO)
 (d:/texlive/2018/texmf-dist/tex/generic/oberdiek/ifluatex.sty
Package: ifluatex 2016/05/16 v1.4 Provides the ifluatex switch (HO)
Package ifluatex Info: LuaTeX not detected.
)
Package etexcmds Info: Could not find \expanded.
(etexcmds)             That can mean that you are not using pdfTeX 1.50 or
(etexcmds)             that some package has redefined \expanded.
(etexcmds)             In the latter case, load this package earlier.
))) (d:/texlive/2018/texmf-dist/tex/generic/oberdiek/pdftexcmds.sty
Package: pdftexcmds 2018/01/30 v0.27 Utility functions of pdfTeX for LuaTeX (HO)
Package pdftexcmds Info: LuaTeX not detected.
Package pdftexcmds Info: \pdf@primitive is available.
Package pdftexcmds Info: \pdf@ifprimitive is available.
Package pdftexcmds Info: \pdfdraftmode found.
)
Package epstopdf-base Info: Redefining graphics rule for `.eps' on input line 438.
Package grfext Info: Graphics extension search list:
(grfext)             [.pdf,.png,.jpg,.mps,.jpeg,.jbig2,.jb2,.PDF,.PNG,.JPG,.JPEG,.JBIG2,.JB2,.eps]
(grfext)             \AppendGraphicsExtensions on input line 456.
 (d:/texlive/2018/texmf-dist/tex/latex/latexconfig/epstopdf-sys.cfg
File: epstopdf-sys.cfg 2010/07/13 v1.3 Configuration of (r)epstopdf for TeX Live
))
\c@lstlisting=\count286
LaTeX Font Info:    External font `cmex10' loaded for size
(Font)              <12.045> on input line 36.
LaTeX Font Info:    External font `cmex10' loaded for size
(Font)              <8> on input line 36.
LaTeX Font Info:    External font `cmex10' loaded for size
(Font)              <6> on input line 36.
LaTeX Font Info:    Try loading font information for C70+rm on input line 36.
 (d:/texlive/2018/texmf-dist/tex/latex/ctex/fd/c70rm.fd
File: c70rm.fd 2018/01/28 v2.4.12 Chinese font definition (CTEX)
)
LaTeX Font Info:    Try loading font information for C70+zhhei on input line 36.
 (d:/texlive/2018/texmf-dist/tex/latex/zhmetrics/c70zhhei.fd
File: c70zhhei.fd 2009/09/23 4.8.2
)
Package CJKpunct Info: use punctuation spaces for family 'zhhei' with punctstyle (quanjiao) on input line 36.
LaTeX Font Info:    Try loading font information for C70+zhsong on input line 40.
 (d:/texlive/2018/texmf-dist/tex/latex/zhmetrics/c70zhsong.fd
File: c70zhsong.fd 2009/09/23 4.8.2
)
Package CJKpunct Info: use punctuation spaces for family 'zhsong' with punctstyle (quanjiao) on input line 40.
 [1

] (d:/github/mathorcup/811338199/mathor.toc
Package CJKpunct Info: use punctuation spaces for family 'rm' with punctstyle (quanjiao) on input line 25.
 [2])
\tf@toc=\write3
\openout3 = `mathor.toc'.

 [3] [4]
Overfull \hbox (45.81372pt too wide) in paragraph at lines 83--95
 [][] 
 []

[5]
<fig/hist.png, id=192, 1183.42125pt x 893.3375pt>
File: fig/hist.png Graphic file (type png)
<use fig/hist.png>
Package pdftex.def Info: fig/hist.png  used on input line 107.
(pdftex.def)             Requested size: 212.41261pt x 160.34398pt.
<fig/index.png, id=194, 1215.54124pt x 893.3375pt>
File: fig/index.png Graphic file (type png)
<use fig/index.png>
Package pdftex.def Info: fig/index.png  used on input line 108.
(pdftex.def)             Requested size: 212.41261pt x 156.10466pt.
 [6 <d:/github/mathorcup/811338199/fig/hist.png> <d:/github/mathorcup/811338199/fig/index.png>] [7] [8] [9] [10]
Overfull \hbox (2.48506pt too wide) in paragraph at lines 214--224
\C70/rm/m/n/12.045/6c ’|\C70/rm/m/n/12.045/30 ^^B| \C70/rm/m/n/12.045/91 « \C70/rm/m/n/12.045/75 ( \C70/rm/m/n/12.045/7e ø \C70/rm/m/n/12.045/60 ' \C70/rm/m/n/12.045/76 Ñ \C70/rm/m/n/12.045/65 π \C70/rm/m/n/12.045/5f ^^O \C70/rm/m/n/12.045/67 e \C70/rm/m/n/12.045/62 ﬂ \C70/rm/m/n/12.045/54 ^^H \C70/rm/m/n/12.045/6a ! \C70/rm/m/n/12.045/57 ã|\C70/rm/m/n/12.045/ff ^^L| \C70/rm/m/n/12.045/8f ì \C70/rm/m/n/12.045/51 e \C70/rm/m/n/12.045/4e : \C70/rm/m/n/12.045/54 ^^Q \C70/rm/m/n/12.045/91 œ$\OML/cmm/m/it/12.045 X$|\C70/rm/m/n/12.045/ff ^^L| \C70/rm/m/n/12.045/8f ì \C70/rm/m/n/12.045/51 ˙ \C70/rm/m/n/12.045/4e :$\OML/cmm/m/it/12.045 Y$|\C70/rm/m/n/12.045/ff ^^L| \C70/rm/m/n/12.045/5b ˚ \C70/rm/m/n/12.045/62 ~ \C70/rm/m/n/12.045/52 0 \C70/rm/m/n/12.045/4e ^^@ * \C70/rm/m/n/12.045/54 ^^Q \C70/rm/m/n/12.045/91 œ$\OML/cmm/m/it/12.045 W$\C70/rm/m/n/12.045/67 e \C70/zhsong/m/n/12.045/4f ^^? \C70/rm/m/n/12.045/5f ó$\OML/cmm/m/it/12.045 Y[] \OT1/cmr/m/n/12.045 =
 []

[11] [12]
Underfull \hbox (badness 10000) in paragraph at lines 258--259

 []

[13]
Overfull \hbox (29.37227pt too wide) in paragraph at lines 270--271
[]\C70/rm/m/n/12.045/51 v \C70/rm/m/n/12.045/4e -|\C70/rm/m/n/12.045/ff ^^L| \OT1/cmr/m/n/12.045 n=16,\C70/rm/m/n/12.045/88 h \C70/rm/m/n/12.045/79 : \C70/rm/m/n/12.045/6b œ\OT1/cmr/m/n/12.045 kg\C70/rm/m/n/12.045/94 ¢ \C70/rm/m/n/12.045/6c 4 \C70/rm/m/n/12.045/54 ^^H \C70/rm/m/n/12.045/91 — \C70/zhsong/bx/n/12.045/53 ^^V \C70/rm/m/n/12.045/97 ^^@ \C70/rm/m/n/12.045/89 Å \C70/rm/m/n/12.045/52 † \C70/rm/m/n/12.045/51 e \C70/rm/m/n/12.045/76 Ñ\OT1/cmr/m/n/12.045 16\C70/rm/m/n/12.045/79 Õ \C70/rm/m/n/12.045/54 ^^H \C70/rm/m/n/12.045/91 — M \C70/rm/m/n/12.045/65 ô \C70/rm/m/n/12.045/8d ( \C70/rm/m/n/12.045/91 œ|\C70/rm/m/n/12.045/ff ^^L| \C70/rm/m/n/12.045/62 ^^Q \C70/rm/m/n/12.045/4e Ï \C70/rm/m/n/12.045/97 ^^@ \C70/rm/m/n/12.045/89 Å \C70/rm/m/n/12.045/62 ~ \C70/rm/m/n/12.045/52 0 \C70/zhsong/bx/n/12.045/53 ¬ \C70/rm/m/n/12.045/65 p$\OML/cmm/m/it/12.045 a[]$\C70/zhsong/m/n/12.045/4f ^^?\OT1/cmr/m/n/12.045 4[]\C70/rm/m/n/12.045/5f ^^O
 []


Overfull \hbox (30.77235pt too wide) in paragraph at lines 283--297
 [][] 
 []

[14] [15] [16] [17]
Overfull \hbox (21.94072pt too wide) in paragraph at lines 344--384
\C70/rm/m/n/12.045/68 < \C70/rm/m/n/12.045/57 W\OT1/cmr/m/n/12.045 )','\C70/rm/m/n/12.045/78 E \C70/rm/m/n/12.045/94 ¡\OT1/cmr/m/n/12.045 FeSi75-B','\C70/rm/m/n/12.045/77 Û \C70/rm/m/n/12.045/6c π \C70/rm/m/n/12.045/71 & \C70/rm/m/n/12.045/58 û \C70/rm/m/n/12.045/78 ≥ \C70/rm/m/n/12.045/52 B\OT1/cmr/m/n/12.045 ','\C70/rm/m/n/12.045/95 0 \C70/rm/m/n/12.045/78 E \C70/rm/m/n/12.045/54 ^^H \C70/rm/m/n/12.045/91 —\OT1/cmr/m/n/12.045 FeMn64Si27(\C70/rm/m/n/12.045/54 ^^H \C70/rm/m/n/12.045/68 < \C70/rm/m/n/12.045/57 W\OT1/cmr/m/n/12.045 )','\C70/rm/m/n/12.045/95 0 \C70/rm/m/n/12.045/78 E \C70/rm/m/n/12.045/54 ^^H \C70/rm/m/n/12.045/91 —\OT1/cmr/m/n/12.045 FeMn68Si18(\C70/rm/m/n/12.045/54 ^^H
 []


Overfull \hbox (48.37372pt too wide) in paragraph at lines 344--384
\OT1/cmr/m/n/12.045 mn[]t=['\C70/rm/m/n/12.045/78 E \C70/rm/m/n/12.045/94 › \C70/rm/m/n/12.045/95 0 \C70/rm/m/n/12.045/54 ^^H \C70/rm/m/n/12.045/91 — \C70/rm/m/n/12.045/74 ^^C\OT1/cmr/m/n/12.045 ','\C70/rm/m/n/12.045/78 E \C70/rm/m/n/12.045/95 0 \C70/rm/m/n/12.045/97 b |\C70/rm/m/n/12.045/ff ^^H|\C70/rm/m/n/12.045/78 E \C70/rm/m/n/12.045/95 0 \C70/rm/m/n/12.045/6e #|\C70/rm/m/n/12.045/ff 	| \OT1/cmr/m/n/12.045 ','\C70/rm/m/n/12.045/95 0 \C70/rm/m/n/12.045/78 E \C70/rm/m/n/12.045/54 ^^H \C70/rm/m/n/12.045/91 —\OT1/cmr/m/n/12.045 FeMn64Si27(\C70/rm/m/n/12.045/54 ^^H \C70/rm/m/n/12.045/68 < \C70/rm/m/n/12.045/57 W\OT1/cmr/m/n/12.045 )','\C70/rm/m/n/12.045/95 0 \C70/rm/m/n/12.045/78 E \C70/rm/m/n/12.045/54 ^^H \C70/rm/m/n/12.045/91 —\OT1/cmr/m/n/12.045 FeMn68Si18(\C70/rm/m/n/12.045/54 ^^H
 []


Overfull \hbox (26.7825pt too wide) in paragraph at lines 344--384
\OT1/cmr/m/n/12.045 '\C70/rm/m/n/12.045/77 Û \C70/rm/m/n/12.045/6c π \C70/rm/m/n/12.045/71 & \C70/rm/m/n/12.045/58 û \C70/rm/m/n/12.045/78 ≥ \C70/rm/m/n/12.045/52 B\OT1/cmr/m/n/12.045 ', '\C70/rm/m/n/12.045/95 0 \C70/rm/m/n/12.045/78 E \C70/rm/m/n/12.045/54 ^^H \C70/rm/m/n/12.045/91 —\OT1/cmr/m/n/12.045 FeMn64Si27(\C70/rm/m/n/12.045/54 ^^H \C70/rm/m/n/12.045/68 < \C70/rm/m/n/12.045/57 W\OT1/cmr/m/n/12.045 )', '\C70/rm/m/n/12.045/95 0 \C70/rm/m/n/12.045/78 E \C70/rm/m/n/12.045/54 ^^H \C70/rm/m/n/12.045/91 —\OT1/cmr/m/n/12.045 FeMn68Si18(\C70/rm/m/n/12.045/54 ^^H \C70/rm/m/n/12.045/68 < \C70/rm/m/n/12.045/57 W\OT1/cmr/m/n/12.045 )', '\C70/rm/m/n/12.045/78 ≥ \C70/zhsong/bx/n/12.045/53 ^^V \C70/rm/m/n/12.045/78 E\OT1/cmr/m/n/12.045 (55%)', 
 []


Underfull \hbox (badness 10000) in paragraph at lines 344--384

 []


Underfull \hbox (badness 10000) in paragraph at lines 344--384

 []

[18]
Overfull \hbox (116.41989pt too wide) in paragraph at lines 385--406
\OT1/cmr/m/n/12.045 CTrain.drop(CTrain[(CTrain[out]>(CTrain[out].mean()+3*CTrain[out].std()))|(CTrain[out]<(CTrain[out].mean()-
 []


Underfull \hbox (badness 10000) in paragraph at lines 385--406

 []

[19]
Underfull \hbox (badness 10000) in paragraph at lines 407--426

 []


Underfull \hbox (badness 10000) in paragraph at lines 427--453

 []

[20]
Underfull \hbox (badness 10000) in paragraph at lines 454--465

 []


Underfull \hbox (badness 10000) in paragraph at lines 466--468

 []

[21]
Underfull \hbox (badness 10000) in paragraph at lines 469--471

 []


Overfull \hbox (37.61253pt too wide) in paragraph at lines 472--549
[]\OT1/cmr/m/n/12.045 clf = en-sem-ble.GradientBoostingRegressor(n[]estimators=100, learn-ing[]rate=0.1,max[]depth=1,
 []


Overfull \hbox (128.56825pt too wide) in paragraph at lines 472--549
\OT1/cmr/m/n/12.045 clf = Pipeline([('poly', Poly-no-mi-alFea-tures(degree=2)),('linear', lin-ear[]model.LinearRegression(fit[]intercept=False))]) 
 []


Overfull \hbox (7.74448pt too wide) in paragraph at lines 472--549
\OT1/cmr/m/n/12.045 # '\C70/rm/m/n/12.045/8f ﬁ \C70/rm/m/n/12.045/94 ¯ \C70/rm/m/n/12.045/6b c \C70/rm/m/n/12.045/68 7\OT1/cmr/m/n/12.045 V[]val', '\C70/rm/m/n/12.045/8f ﬁ \C70/rm/m/n/12.045/94 ¯ \C70/rm/m/n/12.045/6b c \C70/rm/m/n/12.045/68 7\OT1/cmr/m/n/12.045 Alt[]val', '\C70/rm/m/n/12.045/8f ﬁ \C70/rm/m/n/12.045/94 ¯ \C70/rm/m/n/12.045/6b c \C70/rm/m/n/12.045/68 7\OT1/cmr/m/n/12.045 Als[]val', '\C70/rm/m/n/12.045/8f ﬁ \C70/rm/m/n/12.045/94 ¯ \C70/rm/m/n/12.045/6b c \C70/rm/m/n/12.045/68 7\OT1/cmr/m/n/12.045 Mo[]val', '\C70/rm/m/n/12.045/8f ﬁ \C70/rm/m/n/12.045/94 ¯ \C70/rm/m/n/12.045/6b c \C70/rm/m/n/12.045/68 7\OT1/cmr/m/n/12.045 Ti[]val', 
 []


Overfull \hbox (26.7825pt too wide) in paragraph at lines 472--549
\OT1/cmr/m/n/12.045 '\C70/rm/m/n/12.045/77 Û \C70/rm/m/n/12.045/6c π \C70/rm/m/n/12.045/71 & \C70/rm/m/n/12.045/58 û \C70/rm/m/n/12.045/78 ≥ \C70/rm/m/n/12.045/52 B\OT1/cmr/m/n/12.045 ', '\C70/rm/m/n/12.045/95 0 \C70/rm/m/n/12.045/78 E \C70/rm/m/n/12.045/54 ^^H \C70/rm/m/n/12.045/91 —\OT1/cmr/m/n/12.045 FeMn64Si27(\C70/rm/m/n/12.045/54 ^^H \C70/rm/m/n/12.045/68 < \C70/rm/m/n/12.045/57 W\OT1/cmr/m/n/12.045 )', '\C70/rm/m/n/12.045/95 0 \C70/rm/m/n/12.045/78 E \C70/rm/m/n/12.045/54 ^^H \C70/rm/m/n/12.045/91 —\OT1/cmr/m/n/12.045 FeMn68Si18(\C70/rm/m/n/12.045/54 ^^H \C70/rm/m/n/12.045/68 < \C70/rm/m/n/12.045/57 W\OT1/cmr/m/n/12.045 )', '\C70/rm/m/n/12.045/78 ≥ \C70/zhsong/bx/n/12.045/53 ^^V \C70/rm/m/n/12.045/78 E\OT1/cmr/m/n/12.045 (55%)', 
 []


Overfull \hbox (11.55911pt too wide) in paragraph at lines 472--549
\OT1/cmr/m/n/12.045 MnTrain[['\C70/rm/m/n/12.045/8f l \C70/rm/m/n/12.045/70 â \C70/rm/m/n/12.045/7e » \C70/rm/m/n/12.045/70 π\OT1/cmr/m/n/12.045 Mn']] = Mn-Train[['\C70/rm/m/n/12.045/8f l \C70/rm/m/n/12.045/70 â \C70/rm/m/n/12.045/7e » \C70/rm/m/n/12.045/70 π\OT1/cmr/m/n/12.045 Mn']].fillna(MnTrain[['\C70/rm/m/n/12.045/8f l \C70/rm/m/n/12.045/70 â \C70/rm/m/n/12.045/7e » \C70/rm/m/n/12.045/70 π\OT1/cmr/m/n/12.045 Mn']].mean()) 
 []


Overfull \hbox (48.37372pt too wide) in paragraph at lines 472--549
\OT1/cmr/m/n/12.045 mn[]t=['\C70/rm/m/n/12.045/78 E \C70/rm/m/n/12.045/94 › \C70/rm/m/n/12.045/95 0 \C70/rm/m/n/12.045/54 ^^H \C70/rm/m/n/12.045/91 — \C70/rm/m/n/12.045/74 ^^C\OT1/cmr/m/n/12.045 ','\C70/rm/m/n/12.045/78 E \C70/rm/m/n/12.045/95 0 \C70/rm/m/n/12.045/97 b |\C70/rm/m/n/12.045/ff ^^H|\C70/rm/m/n/12.045/78 E \C70/rm/m/n/12.045/95 0 \C70/rm/m/n/12.045/6e #|\C70/rm/m/n/12.045/ff 	| \OT1/cmr/m/n/12.045 ','\C70/rm/m/n/12.045/95 0 \C70/rm/m/n/12.045/78 E \C70/rm/m/n/12.045/54 ^^H \C70/rm/m/n/12.045/91 —\OT1/cmr/m/n/12.045 FeMn64Si27(\C70/rm/m/n/12.045/54 ^^H \C70/rm/m/n/12.045/68 < \C70/rm/m/n/12.045/57 W\OT1/cmr/m/n/12.045 )','\C70/rm/m/n/12.045/95 0 \C70/rm/m/n/12.045/78 E \C70/rm/m/n/12.045/54 ^^H \C70/rm/m/n/12.045/91 —\OT1/cmr/m/n/12.045 FeMn68Si18(\C70/rm/m/n/12.045/54 ^^H
 []


Underfull \hbox (badness 10000) in paragraph at lines 472--549

 []


Overfull \hbox (28.78255pt too wide) in paragraph at lines 472--549
\OT1/cmr/m/n/12.045 # train[]data, test[]data, train[]target, test[]target = train[]test[]split(X.values,Y.values,test[]size=0.2) 
 []


Underfull \hbox (badness 10000) in paragraph at lines 472--549

 []


Overfull \hbox (128.56825pt too wide) in paragraph at lines 472--549
\OT1/cmr/m/n/12.045 clf = Pipeline([('poly', Poly-no-mi-alFea-tures(degree=2)),('linear', lin-ear[]model.LinearRegression(fit[]intercept=False))]) 
 []


Overfull \hbox (178.39006pt too wide) in paragraph at lines 472--549
\OT1/cmr/m/n/12.045 metrics.r2[]score(pre[]y,test[]target),metrics.mean[]absolute[]error(pre[]y,test[]target),metrics.mean[]squared[]error(pre[]y,test[]target) 
 []


Underfull \hbox (badness 10000) in paragraph at lines 472--549

 []


Overfull \hbox (178.39006pt too wide) in paragraph at lines 472--549
\OT1/cmr/m/n/12.045 metrics.r2[]score(pre[]y,test[]target),metrics.mean[]absolute[]error(pre[]y,test[]target),metrics.mean[]squared[]error(pre[]y,test[]target) 
 []


Underfull \hbox (badness 10000) in paragraph at lines 472--549

 []


Underfull \hbox (badness 10000) in paragraph at lines 472--549

 []

[22] [23]
Overfull \hbox (16.1715pt too wide) in paragraph at lines 550--703
\OT1/cmr/m/n/12.045 mixture = ['\C70/rm/m/n/12.045/6c . \C70/zhsong/bx/n/12.045/53 ^^V \C70/rm/m/n/12.045/94 í ¡\OT1/cmr/m/n/12.045 FeV55N11-A','\C70/zhsong/m/n/12.045/4f N \C70/rm/m/n/12.045/94 › \C70/rm/m/n/12.045/78 E \C70/rm/m/n/12.045/94 ¡\OT1/cmr/m/n/12.045 ','\C70/rm/m/n/12.045/94 í \C70/rm/m/n/12.045/6c . \C70/rm/m/n/12.045/54 ^^H \C70/rm/m/n/12.045/91 —\OT1/cmr/m/n/12.045 (\C70/rm/m/n/12.045/8f € \C70/zhsong/bx/n/12.045/53 „\OT1/cmr/m/n/12.045 )','\C70/rm/m/n/12.045/94 í ¡\OT1/cmr/m/n/12.045 (FeV50-A)','\C70/rm/m/n/12.045/94 í ¡\OT1/cmr/m/n/12.045 (FeV50-
 []


Overfull \hbox (3.6703pt too wide) in paragraph at lines 550--703
\OT1/cmr/m/n/12.045 '\C70/rm/m/n/12.045/78 E \C70/rm/m/n/12.045/95 0 \C70/rm/m/n/12.045/97 b |\C70/rm/m/n/12.045/ff ^^H|\C70/rm/m/n/12.045/78 E \C70/rm/m/n/12.045/95 0 \C70/rm/m/n/12.045/6e #|\C70/rm/m/n/12.045/ff 	| \OT1/cmr/m/n/12.045 ','\C70/rm/m/n/12.045/78 E \C70/rm/m/n/12.045/94 ¡\OT1/cmr/m/n/12.045 (\C70/rm/m/n/12.045/54 ^^H \C70/rm/m/n/12.045/68 < \C70/rm/m/n/12.045/57 W\OT1/cmr/m/n/12.045 )','\C70/rm/m/n/12.045/78 E \C70/rm/m/n/12.045/94 ¡\OT1/cmr/m/n/12.045 FeSi75-B','\C70/rm/m/n/12.045/77 Û \C70/rm/m/n/12.045/6c π \C70/rm/m/n/12.045/71 & \C70/rm/m/n/12.045/58 û \C70/rm/m/n/12.045/78 ≥ \C70/rm/m/n/12.045/52 B\OT1/cmr/m/n/12.045 ','\C70/rm/m/n/12.045/95 0 \C70/rm/m/n/12.045/78 E \C70/rm/m/n/12.045/54 ^^H \C70/rm/m/n/12.045/91 —\OT1/cmr/m/n/12.045 FeMn64Si27(\C70/rm/m/n/12.045/54 ^^H
 []


Overfull \hbox (21.1366pt too wide) in paragraph at lines 550--703
\OT1/cmr/m/n/12.045 '\C70/rm/m/n/12.045/77 Û \C70/rm/m/n/12.045/6c π \C70/rm/m/n/12.045/71 & \C70/rm/m/n/12.045/58 û \C70/rm/m/n/12.045/78 ≥ \C70/rm/m/n/12.045/52 B\OT1/cmr/m/n/12.045 ', '\C70/rm/m/n/12.045/95 0 \C70/rm/m/n/12.045/78 E \C70/rm/m/n/12.045/54 ^^H \C70/rm/m/n/12.045/91 —\OT1/cmr/m/n/12.045 FeMn64Si27(\C70/rm/m/n/12.045/54 ^^H \C70/rm/m/n/12.045/68 < \C70/rm/m/n/12.045/57 W\OT1/cmr/m/n/12.045 )', '\C70/rm/m/n/12.045/95 0 \C70/rm/m/n/12.045/78 E \C70/rm/m/n/12.045/54 ^^H \C70/rm/m/n/12.045/91 —\OT1/cmr/m/n/12.045 FeMn68Si18(\C70/rm/m/n/12.045/54 ^^H \C70/rm/m/n/12.045/68 < \C70/rm/m/n/12.045/57 W\OT1/cmr/m/n/12.045 )', '\C70/rm/m/n/12.045/78 ≥ \C70/zhsong/bx/n/12.045/53 ^^V \C70/rm/m/n/12.045/78 E\OT1/cmr/m/n/12.045 (55'\C70/rm/m/n/12.045/78 E
 []


Overfull \hbox (21.1366pt too wide) in paragraph at lines 550--703
\OT1/cmr/m/n/12.045 '\C70/rm/m/n/12.045/77 Û \C70/rm/m/n/12.045/6c π \C70/rm/m/n/12.045/71 & \C70/rm/m/n/12.045/58 û \C70/rm/m/n/12.045/78 ≥ \C70/rm/m/n/12.045/52 B\OT1/cmr/m/n/12.045 ', '\C70/rm/m/n/12.045/95 0 \C70/rm/m/n/12.045/78 E \C70/rm/m/n/12.045/54 ^^H \C70/rm/m/n/12.045/91 —\OT1/cmr/m/n/12.045 FeMn64Si27(\C70/rm/m/n/12.045/54 ^^H \C70/rm/m/n/12.045/68 < \C70/rm/m/n/12.045/57 W\OT1/cmr/m/n/12.045 )', '\C70/rm/m/n/12.045/95 0 \C70/rm/m/n/12.045/78 E \C70/rm/m/n/12.045/54 ^^H \C70/rm/m/n/12.045/91 —\OT1/cmr/m/n/12.045 FeMn68Si18(\C70/rm/m/n/12.045/54 ^^H \C70/rm/m/n/12.045/68 < \C70/rm/m/n/12.045/57 W\OT1/cmr/m/n/12.045 )', '\C70/rm/m/n/12.045/78 ≥ \C70/zhsong/bx/n/12.045/53 ^^V \C70/rm/m/n/12.045/78 E\OT1/cmr/m/n/12.045 (55'\C70/rm/m/n/12.045/78 E
 []


Overfull \hbox (53.45332pt too wide) in paragraph at lines 550--703
\OT1/cmr/m/n/12.045 price = [350000,6500,350000,205000,205000,11800,1000,8500,7600,6000,6000,4600,8150,8150,6100,4000] 
 []


Overfull \hbox (22.39606pt too wide) in paragraph at lines 550--703
\OT1/cmr/m/n/12.045 data.drop(data[(data[out]>(data[out].mean()+3*data[out].std()))|(data[out]<(data[out].mean()-
 []


Overfull \hbox (23.93938pt too wide) in paragraph at lines 550--703
\OT1/cmr/m/n/12.045 init[] = [data['\C70/rm/m/n/12.045/8f l \C70/rm/m/n/12.045/70 â \C70/rm/m/n/12.045/7e » \C70/rm/m/n/12.045/70 π\OT1/cmr/m/n/12.045 C'].mean(),data['\C70/rm/m/n/12.045/8f l \C70/rm/m/n/12.045/70 â \C70/rm/m/n/12.045/7e » \C70/rm/m/n/12.045/70 π\OT1/cmr/m/n/12.045 Mn'].mean(),data['\C70/rm/m/n/12.045/8f l \C70/rm/m/n/12.045/70 â \C70/rm/m/n/12.045/7e » \C70/rm/m/n/12.045/70 π\OT1/cmr/m/n/12.045 S'].mean(),data['\C70/rm/m/n/12.045/8f l
 []


Underfull \hbox (badness 10000) in paragraph at lines 550--703

 []


Underfull \hbox (badness 10000) in paragraph at lines 550--703

 []

[24] [25] [26] [27] [28] (d:/github/mathorcup/811338199/mathor.aux) ) 
Here is how much of TeX's memory you used:
 19495 strings out of 492648
 361360 string characters out of 6133338
 381901 words of memory out of 5000000
 22760 multiletter control sequences out of 15000+600000
 580281 words of font info for 206 fonts, out of 8000000 for 9000
 1141 hyphenation exceptions out of 8191
 48i,12n,58p,10482b,425s stack positions out of 5000i,500n,10000p,200000b,80000s
<c:/Windows/Fonts/simhei.ttf><c:/Windows/Fonts/simhei.ttf><c:/Windows/Fonts/simsun.ttc><c:/Windows/Fonts/simsun.ttc><c:/Windows/Fonts/simsun.ttc><c:/Windows/Fonts/simhei.ttf><c:/Windows/Fonts/simhei.ttf><c:/Windows/Fonts/simsun.ttc><c:/Windows/Fonts/simhei.ttf><c:/Windows/Fonts/simsun.ttc><c:/Windows/Fonts/simhei.ttf><c:/Windows/Fonts/simsun.ttc><c:/Windows/Fonts/simhei.ttf><c:/Windows/Fonts/simsun.ttc><c:/Windows/Fonts/simsun.ttc><c:/Windows/Fonts/simhei.ttf><c:/Windows/Fonts/simhei.ttf><c:/Windows/Fonts/simhei.ttf><c:/Windows/Fonts/simhei.ttf><c:/Windows/Fonts/simhei.ttf><c:/Windows/Fonts/simsun.ttc><c:/Windows/Fonts/simhei.ttf><c:/Windows/Fonts/simhei.ttf><c:/Windows/Fonts/simhei.ttf><c:/Windows/Fonts/simsun.ttc><c:/Windows/Fonts/simsun.ttc><c:/Windows/Fonts/simsun.ttc><c:/Windows/Fonts/simsun.ttc><c:/Windows/Fonts/simsun.ttc><c:/Windows/Fonts/simhei.ttf><c:/Windows/Fonts/simhei.ttf><c:/Windows/Fonts/simhei.ttf><c:/Windows/Fonts/simhei.ttf><c:/Windows/Fonts/simhei.ttf><c:/Windows/Fonts/simhei.ttf><c:/Windows/Fonts/simhei.ttf><c:/Windows/Fonts/simsun.ttc><c:/Windows/Fonts/simsun.ttc><c:/Windows/Fonts/simhei.ttf><c:/Windows/Fonts/simhei.ttf><c:/Windows/Fonts/simhei.ttf><c:/Windows/Fonts/simsun.ttc><c:/Windows/Fonts/simhei.ttf><c:/Windows/Fonts/simhei.ttf><c:/Windows/Fonts/simhei.ttf><c:/Windows/Fonts/simhei.ttf><c:/Windows/Fonts/simhei.ttf><c:/Windows/Fonts/simhei.ttf><c:/Windows/Fonts/simhei.ttf><c:/Windows/Fonts/simhei.ttf><c:/Windows/Fonts/simhei.ttf><c:/Windows/Fonts/simsun.ttc><c:/Windows/Fonts/simsun.ttc><c:/Windows/Fonts/simsun.ttc><c:/Windows/Fonts/simsun.ttc><c:/Windows/Fonts/simsun.ttc><c:/Windows/Fonts/simsun.ttc><c:/Windows/Fonts/simsun.ttc><c:/Windows/Fonts/simsun.ttc><c:/Windows/Fonts/simsun.ttc><c:/Windows/Fonts/simsun.ttc><c:/Windows/Fonts/simsun.ttc><c:/Windows/Fonts/simsun.ttc><c:/Windows/Fonts/simsun.ttc><c:/Windows/Fonts/simsun.ttc><c:/Windows/Fonts/simsun.ttc><c:/Windows/Fonts/simsun.ttc><c:/Windows/Fonts/simsun.ttc><c:/Windows/Fonts/simsun.ttc><c:/Windows/Fonts/simsun.ttc><c:/Windows/Fonts/simsun.ttc><c:/Windows/Fonts/simsun.ttc><c:/Windows/Fonts/simsun.ttc><c:/Windows/Fonts/simsun.ttc><c:/Windows/Fonts/simsun.ttc><c:/Windows/Fonts/simsun.ttc><c:/Windows/Fonts/simsun.ttc><c:/Windows/Fonts/simsun.ttc><c:/Windows/Fonts/simsun.ttc><c:/Windows/Fonts/simsun.ttc><c:/Windows/Fonts/simsun.ttc><c:/Windows/Fonts/simsun.ttc><c:/Windows/Fonts/simsun.ttc><c:/Windows/Fonts/simsun.ttc><c:/Windows/Fonts/simsun.ttc><c:/Windows/Fonts/simsun.ttc><c:/Windows/Fonts/simsun.ttc><c:/Windows/Fonts/simsun.ttc><c:/Windows/Fonts/simsun.ttc><c:/Windows/Fonts/simsun.ttc><c:/Windows/Fonts/simsun.ttc><c:/Windows/Fonts/simsun.ttc><c:/Windows/Fonts/simsun.ttc><c:/Windows/Fonts/simsun.ttc><c:/Windows/Fonts/simsun.ttc><c:/Windows/Fonts/simsun.ttc><c:/Windows/Fonts/simsun.ttc><c:/Windows/Fonts/simsun.ttc><c:/Windows/Fonts/simsun.ttc><c:/Windows/Fonts/simsun.ttc><c:/Windows/Fonts/simsun.ttc><c:/Windows/Fonts/simsun.ttc><c:/Windows/Fonts/simsun.ttc><c:/Windows/Fonts/simhei.ttf><c:/Windows/Fonts/simhei.ttf><c:/Windows/Fonts/simhei.ttf><c:/Windows/Fonts/simhei.ttf><c:/Windows/Fonts/simhei.ttf><c:/Windows/Fonts/simhei.ttf><c:/Windows/Fonts/simhei.ttf><c:/Windows/Fonts/simhei.ttf><c:/Windows/Fonts/simhei.ttf><c:/Windows/Fonts/simhei.ttf><c:/Windows/Fonts/simhei.ttf><c:/Windows/Fonts/simhei.ttf><c:/Windows/Fonts/simhei.ttf><c:/Windows/Fonts/simhei.ttf><c:/Windows/Fonts/simhei.ttf><c:/Windows/Fonts/simhei.ttf><c:/Windows/Fonts/simhei.ttf><c:/Windows/Fonts/simhei.ttf><c:/Windows/Fonts/simsun.ttc><c:/Windows/Fonts/simsun.ttc><c:/Windows/Fonts/simsun.ttc><c:/Windows/Fonts/simsun.ttc><c:/Windows/Fonts/simsun.ttc><d:/texlive/2018/texmf-dist/fonts/type1/public/amsfonts/cm/cmbx12.pfb><d:/texlive/2018/texmf-dist/fonts/type1/public/amsfonts/cm/cmex10.pfb><d:/texlive/2018/texmf-dist/fonts/type1/public/amsfonts/cm/cmmi12.pfb><d:/texlive/2018/texmf-dist/fonts/type1/public/amsfonts/cm/cmmi8.pfb><d:/texlive/2018/texmf-dist/fonts/type1/public/amsfonts/cm/cmr12.pfb><d:/texlive/2018/texmf-dist/fonts/type1/public/amsfonts/cm/cmr8.pfb><d:/texlive/2018/texmf-dist/fonts/type1/public/amsfonts/cm/cmsy10.pfb><d:/texlive/2018/texmf-dist/fonts/type1/public/amsfonts/cm/cmsy8.pfb>
Output written on d:/github/mathorcup/811338199/mathor.pdf (28 pages, 860479 bytes).
PDF statistics:
 714 PDF objects out of 1000 (max. 8388607)
 466 compressed objects within 5 object streams
 0 named destinations out of 1000 (max. 500000)
 311 words of extra memory for PDF output out of 10000 (max. 10000000)

